\BOOKMARK [0][-]{chapter.1}{\277Qu\351 es un SIG?}{}% 1
\BOOKMARK [0][-]{chapter.2}{Historia de los SIG}{}% 2
\BOOKMARK [1][-]{section*.2}{La evoluci\363n de los SIG como disciplina}{chapter.2}% 3
\BOOKMARK [1][-]{section*.2}{La evoluci\363n de la tecnolog\355a}{chapter.2}% 4
\BOOKMARK [1][-]{section*.2}{La evoluci\363n de los datos}{chapter.2}% 5
\BOOKMARK [1][-]{section*.2}{La evoluci\363n de las t\351cnicas y formulaciones}{chapter.2}% 6
\BOOKMARK [0][-]{chapter.3}{Fundamentos cartogr\341ficos y geod\351sicos}{}% 7
\BOOKMARK [1][-]{section*.3}{Conceptos geod\351sicos b\341sicos}{chapter.3}% 8
\BOOKMARK [2][-]{section*.3}{Superficies de referencia}{chapter.3}% 9
\BOOKMARK [2][-]{figure.3.1}{Sistemas de coordenadas}{chapter.3}% 10
\BOOKMARK [2][-]{figure.3.2}{Transformaci\363n y conversi\363n de coordenadas}{chapter.3}% 11
\BOOKMARK [1][-]{figure.3.2}{Conceptos cartogr\341ficos b\341sicos}{chapter.3}% 12
\BOOKMARK [0][-]{chapter.4}{El dato geogr\341fico y su almacenamiento}{}% 13
\BOOKMARK [1][-]{section*.4}{Datos vs Informaci\363n. Tipos de informaci\363n.}{chapter.4}% 14
\BOOKMARK [1][-]{section*.4}{Divisi\363n de la informaci\363n. Capas}{chapter.4}% 15
\BOOKMARK [1][-]{figure.4.1}{Modelos para la de informaci\363n geogr\341fica}{chapter.4}% 16
\BOOKMARK [2][-]{section*.5}{Modelo r\341ster}{figure.4.1}% 17
\BOOKMARK [2][-]{figure.4.2}{Modelo vectorial}{figure.4.1}% 18
\BOOKMARK [2][-]{figure.4.4}{Raster vs vectorial}{figure.4.1}% 19
\BOOKMARK [0][-]{chapter.5}{Fuentes principales de datos espaciales}{}% 20
\BOOKMARK [1][-]{section*.6}{Teledetecci\363n}{chapter.5}% 21
\BOOKMARK [2][-]{figure.5.1}{Fundamentos f\355sicos}{chapter.5}% 22
\BOOKMARK [2][-]{figure.5.1}{Sensores y plataformas}{chapter.5}% 23
\BOOKMARK [2][-]{figure.5.1}{Fotogrametr\355a}{chapter.5}% 24
\BOOKMARK [1][-]{figure.5.1}{Cartograf\355a impresa. Digitalizaci\363n}{chapter.5}% 25
\BOOKMARK [2][-]{section*.7}{Calidad de la digitalizaci\363n}{figure.5.1}% 26
\BOOKMARK [1][-]{figure.5.2}{GPS}{chapter.5}% 27
\BOOKMARK [1][-]{figure.5.2}{Informaci\363n Geogr\341fica Voluntaria}{chapter.5}% 28
\BOOKMARK [1][-]{figure.5.2}{Metadatos}{chapter.5}% 29
\BOOKMARK [2][-]{section*.8}{Contenido y creaci\363n de metadatos}{figure.5.2}% 30
\BOOKMARK [0][-]{chapter.6}{Software y teconolog\355a}{}% 31
\BOOKMARK [1][-]{section*.9}{Herramientas de escritorio}{chapter.6}% 32
\BOOKMARK [2][-]{section*.9}{Entrada y salida de datos}{chapter.6}% 33
\BOOKMARK [2][-]{section*.9}{Visualizaci\363n}{chapter.6}% 34
\BOOKMARK [2][-]{figure.6.1}{An\341lisis}{chapter.6}% 35
\BOOKMARK [2][-]{figure.6.1}{Edici\363n}{chapter.6}% 36
\BOOKMARK [2][-]{figure.6.1}{Generaci\363n de cartograf\355a}{chapter.6}% 37
\BOOKMARK [1][-]{figure.6.2}{Cartograf\355a en la Web \(Web\205mapping\). Clientes y servidores}{chapter.6}% 38
\BOOKMARK [1][-]{figure.6.5}{Algunas t\351cnicas relacionadas con servicios SIG}{chapter.6}% 39
\BOOKMARK [1][-]{figure.6.6}{Est\341ndares}{chapter.6}% 40
\BOOKMARK [2][-]{figure.6.8}{Principales est\341ndares}{figure.6.6}% 41
\BOOKMARK [1][-]{figure.6.8}{SIG m\363vil}{chapter.6}% 42
\BOOKMARK [1][-]{figure.6.8}{Qu\351 es el SIG m\363vil}{chapter.6}% 43
\BOOKMARK [1][-]{figure.6.10}{Particularidades del SIG m\363vil}{chapter.6}% 44
\BOOKMARK [1][-]{figure.6.10}{Aplicaciones del SIG m\363vil}{chapter.6}% 45
\BOOKMARK [1][-]{figure.6.10}{M\351todos de posicionamiento}{chapter.6}% 46
\BOOKMARK [1][-]{figure.6.11}{Redes inal\341mbricas}{chapter.6}% 47
\BOOKMARK [1][-]{figure.6.11}{El sofware SIG m\363vil}{chapter.6}% 48
\BOOKMARK [2][-]{figure.6.13}{El contexto}{figure.6.11}% 49
\BOOKMARK [1][-]{figure.6.14}{Resumen}{chapter.6}% 50
\BOOKMARK [0][-]{chapter.7}{Bases de datos}{}% 51
\BOOKMARK [1][-]{section*.10}{Bases de datos relacionales}{chapter.7}% 52
\BOOKMARK [1][-]{section*.10}{Sistemas gestores de bases de datos}{chapter.7}% 53
\BOOKMARK [2][-]{section*.11}{Bases de datos espaciales}{section*.10}% 54
\BOOKMARK [1][-]{section*.11}{Consultas}{chapter.7}% 55
\BOOKMARK [2][-]{figure.7.1}{\315ndices espaciales}{section*.11}% 56
\BOOKMARK [0][-]{chapter.8}{An\341lisis espacial. Fundamentos}{}% 57
\BOOKMARK [1][-]{section*.12}{Particularidades de los datos espaciales para su an\341lisis}{chapter.8}% 58
\BOOKMARK [2][-]{section*.12}{Escala}{chapter.8}% 59
\BOOKMARK [2][-]{figure.8.2}{El Problema de la Unidad de \301rea Modificable}{chapter.8}% 60
\BOOKMARK [2][-]{figure.8.2}{Autocorrelaci\363n espacial}{chapter.8}% 61
\BOOKMARK [2][-]{figure.8.3}{Existencia de estructura}{chapter.8}% 62
\BOOKMARK [2][-]{figure.8.3}{Efectos de borde}{chapter.8}% 63
\BOOKMARK [0][-]{chapter.9}{Visualizaci\363n y representaci\363n de datos espaciales}{}% 64
\BOOKMARK [1][-]{figure.9.1}{Conceptos b\341sicos de visualizaci\363n}{chapter.9}% 65
\BOOKMARK [2][-]{section*.13}{Las variables visuales}{figure.9.1}% 66
\BOOKMARK [1][-]{table.9.1}{Uso combinado de las variables visuales}{chapter.9}% 67
\BOOKMARK [1][-]{figure.9.5}{La percepci\363n visual}{chapter.9}% 68
\BOOKMARK [2][-]{section*.14}{Las constancias y contrastes perceptivos}{figure.9.5}% 69
\BOOKMARK [2][-]{figure.9.7}{Ayudas a la percepci\363n}{figure.9.5}% 70
