This is pdfTeX, Version 3.1415926-2.5-1.40.14 (MiKTeX 2.9) (preloaded format=pdflatex 2014.7.14)  6 AUG 2016 14:44
entering extended mode
**Libro_SIG.tex
(D:\docs\textos\Tecnicos\libro-sig_resumido\latex\Libro_SIG.tex
LaTeX2e <2011/06/27>
Babel <v3.8m> and hyphenation patterns for english, afrikaans, ancientgreek, arabic, armenian, assamese, basque, bengali
, bokmal, bulgarian, catalan, coptic, croatian, czech, danish, dutch, esperanto, estonian, farsi, finnish, french, galic
ian, german, german-x-2013-05-26, greek, gujarati, hindi, hungarian, icelandic, indonesian, interlingua, irish, italian,
 kannada, kurmanji, latin, latvian, lithuanian, malayalam, marathi, mongolian, mongolianlmc, monogreek, ngerman, ngerman
-x-2013-05-26, nynorsk, oriya, panjabi, pinyin, polish, portuguese, romanian, russian, sanskrit, serbian, slovak, sloven
ian, spanish, swedish, swissgerman, tamil, telugu, turkish, turkmen, ukenglish, ukrainian, uppersorbian, usenglishmax, w
elsh, loaded.
("C:\Program Files (x86)\MiKTeX 2.9\tex\latex\base\book.cls"
Document Class: book 2007/10/19 v1.4h Standard LaTeX document class
("C:\Program Files (x86)\MiKTeX 2.9\tex\latex\base\bk11.clo"
File: bk11.clo 2007/10/19 v1.4h Standard LaTeX file (size option)
)
\c@part=\count79
\c@chapter=\count80
\c@section=\count81
\c@subsection=\count82
\c@subsubsection=\count83
\c@paragraph=\count84
\c@subparagraph=\count85
\c@figure=\count86
\c@table=\count87
\abovecaptionskip=\skip41
\belowcaptionskip=\skip42
\bibindent=\dimen102
)
("C:\Program Files (x86)\MiKTeX 2.9\tex\latex\graphics\graphicx.sty"
Package: graphicx 1999/02/16 v1.0f Enhanced LaTeX Graphics (DPC,SPQR)

("C:\Program Files (x86)\MiKTeX 2.9\tex\latex\graphics\keyval.sty"
Package: keyval 1999/03/16 v1.13 key=value parser (DPC)
\KV@toks@=\toks14
)
("C:\Program Files (x86)\MiKTeX 2.9\tex\latex\graphics\graphics.sty"
Package: graphics 2009/02/05 v1.0o Standard LaTeX Graphics (DPC,SPQR)

("C:\Program Files (x86)\MiKTeX 2.9\tex\latex\graphics\trig.sty"
Package: trig 1999/03/16 v1.09 sin cos tan (DPC)
)
("C:\Program Files (x86)\MiKTeX 2.9\tex\latex\00miktex\graphics.cfg"
File: graphics.cfg 2007/01/18 v1.5 graphics configuration of teTeX/TeXLive
)
Package graphics Info: Driver file: pdftex.def on input line 91.

("C:\Program Files (x86)\MiKTeX 2.9\tex\latex\pdftex-def\pdftex.def"
File: pdftex.def 2011/05/27 v0.06d Graphics/color for pdfTeX

("C:\Program Files (x86)\MiKTeX 2.9\tex\generic\oberdiek\infwarerr.sty"
Package: infwarerr 2010/04/08 v1.3 Providing info/warning/error messages (HO)
)
("C:\Program Files (x86)\MiKTeX 2.9\tex\generic\oberdiek\ltxcmds.sty"
Package: ltxcmds 2011/11/09 v1.22 LaTeX kernel commands for general use (HO)
)
\Gread@gobject=\count88
))
\Gin@req@height=\dimen103
\Gin@req@width=\dimen104
)
("C:\Program Files (x86)\MiKTeX 2.9\tex\generic\babel\babel.sty"
Package: babel 2008/07/08 v3.8m The Babel package

*************************************
* Local config file bblopts.cfg used
*
("C:\Program Files (x86)\MiKTeX 2.9\tex\latex\00miktex\bblopts.cfg"
File: bblopts.cfg 2006/07/31 v1.0 MiKTeX 'babel' configuration
)
("C:\Program Files (x86)\MiKTeX 2.9\tex\generic\babel\spanish.ldf"
Language: spanish.ldf 2009/01/02 v5.0h Spanish support from the babel system

("C:\Program Files (x86)\MiKTeX 2.9\tex\generic\babel\babel.def"
File: babel.def 2008/07/08 v3.8m Babel common definitions
\babel@savecnt=\count89
\U@D=\dimen105
)
\es@datefmt=\count90
\es@quottoks=\toks15
\es@quotdepth=\count91
Package babel Info: Making " an active character on input line 492.
Package babel Info: Making . an active character on input line 585.
Package babel Info: Making < an active character on input line 630.
Package babel Info: Making > an active character on input line 630.
Package babel Info: Making ' an active character on input line 657.
))
("C:\Program Files (x86)\MiKTeX 2.9\tex\latex\base\fontenc.sty"
Package: fontenc 2005/09/27 v1.99g Standard LaTeX package

("C:\Program Files (x86)\MiKTeX 2.9\tex\latex\base\t1enc.def"
File: t1enc.def 2005/09/27 v1.99g Standard LaTeX file
LaTeX Font Info:    Redeclaring font encoding T1 on input line 43.
))
(C:\Users\victor\AppData\Roaming\MiKTeX\2.9\tex\latex\microtype\microtype.sty
Package: microtype 2013/05/23 v2.5a Micro-typographical refinements (RS)
\MT@toks=\toks16
\MT@count=\count92
LaTeX Info: Redefining \textls on input line 766.
\MT@outer@kern=\dimen106
LaTeX Info: Redefining \textmicrotypecontext on input line 1285.
\MT@listname@count=\count93

(C:\Users\victor\AppData\Roaming\MiKTeX\2.9\tex\latex\microtype\microtype-pdftex.def
File: microtype-pdftex.def 2013/05/23 v2.5a Definitions specific to pdftex (RS)
LaTeX Info: Redefining \lsstyle on input line 915.
LaTeX Info: Redefining \lslig on input line 915.
\MT@outer@space=\skip43
)
Package microtype Info: Loading configuration file microtype.cfg.

(C:\Users\victor\AppData\Roaming\MiKTeX\2.9\tex\latex\microtype\microtype.cfg
File: microtype.cfg 2013/05/23 v2.5a microtype main configuration file (RS)
))
(C:\Users\victor\AppData\Roaming\MiKTeX\2.9\tex\latex\enumitem\enumitem.sty
Package: enumitem 2011/09/28 v3.5.2 Customized lists
\labelindent=\skip44
\enit@outerparindent=\dimen107
\enit@toks=\toks17
\enit@inbox=\box26
\enitdp@description=\count94
)
("C:\Program Files (x86)\MiKTeX 2.9\tex\latex\lm\lmodern.sty"
Package: lmodern 2009/10/30 v1.6 Latin Modern Fonts
LaTeX Font Info:    Overwriting symbol font `operators' in version `normal'
(Font)                  OT1/cmr/m/n --> OT1/lmr/m/n on input line 22.
LaTeX Font Info:    Overwriting symbol font `letters' in version `normal'
(Font)                  OML/cmm/m/it --> OML/lmm/m/it on input line 23.
LaTeX Font Info:    Overwriting symbol font `symbols' in version `normal'
(Font)                  OMS/cmsy/m/n --> OMS/lmsy/m/n on input line 24.
LaTeX Font Info:    Overwriting symbol font `largesymbols' in version `normal'
(Font)                  OMX/cmex/m/n --> OMX/lmex/m/n on input line 25.
LaTeX Font Info:    Overwriting symbol font `operators' in version `bold'
(Font)                  OT1/cmr/bx/n --> OT1/lmr/bx/n on input line 26.
LaTeX Font Info:    Overwriting symbol font `letters' in version `bold'
(Font)                  OML/cmm/b/it --> OML/lmm/b/it on input line 27.
LaTeX Font Info:    Overwriting symbol font `symbols' in version `bold'
(Font)                  OMS/cmsy/b/n --> OMS/lmsy/b/n on input line 28.
LaTeX Font Info:    Overwriting symbol font `largesymbols' in version `bold'
(Font)                  OMX/cmex/m/n --> OMX/lmex/m/n on input line 29.
LaTeX Font Info:    Overwriting math alphabet `\mathbf' in version `normal'
(Font)                  OT1/cmr/bx/n --> OT1/lmr/bx/n on input line 31.
LaTeX Font Info:    Overwriting math alphabet `\mathsf' in version `normal'
(Font)                  OT1/cmss/m/n --> OT1/lmss/m/n on input line 32.
LaTeX Font Info:    Overwriting math alphabet `\mathit' in version `normal'
(Font)                  OT1/cmr/m/it --> OT1/lmr/m/it on input line 33.
LaTeX Font Info:    Overwriting math alphabet `\mathtt' in version `normal'
(Font)                  OT1/cmtt/m/n --> OT1/lmtt/m/n on input line 34.
LaTeX Font Info:    Overwriting math alphabet `\mathbf' in version `bold'
(Font)                  OT1/cmr/bx/n --> OT1/lmr/bx/n on input line 35.
LaTeX Font Info:    Overwriting math alphabet `\mathsf' in version `bold'
(Font)                  OT1/cmss/bx/n --> OT1/lmss/bx/n on input line 36.
LaTeX Font Info:    Overwriting math alphabet `\mathit' in version `bold'
(Font)                  OT1/cmr/bx/it --> OT1/lmr/bx/it on input line 37.
LaTeX Font Info:    Overwriting math alphabet `\mathtt' in version `bold'
(Font)                  OT1/cmtt/m/n --> OT1/lmtt/m/n on input line 38.
)
("C:\Program Files (x86)\MiKTeX 2.9\tex\latex\base\inputenc.sty"
Package: inputenc 2008/03/30 v1.1d Input encoding file
\inpenc@prehook=\toks18
\inpenc@posthook=\toks19

("C:\Program Files (x86)\MiKTeX 2.9\tex\latex\base\latin1.def"
File: latin1.def 2008/03/30 v1.1d Input encoding file
))
("C:\Program Files (x86)\MiKTeX 2.9\tex\latex\geometry\geometry.sty"
Package: geometry 2010/09/12 v5.6 Page Geometry

("C:\Program Files (x86)\MiKTeX 2.9\tex\generic\oberdiek\ifpdf.sty"
Package: ifpdf 2011/01/30 v2.3 Provides the ifpdf switch (HO)
Package ifpdf Info: pdfTeX in PDF mode is detected.
)
("C:\Program Files (x86)\MiKTeX 2.9\tex\generic\oberdiek\ifvtex.sty"
Package: ifvtex 2010/03/01 v1.5 Detect VTeX and its facilities (HO)
Package ifvtex Info: VTeX not detected.
)
("C:\Program Files (x86)\MiKTeX 2.9\tex\generic\ifxetex\ifxetex.sty"
Package: ifxetex 2010/09/12 v0.6 Provides ifxetex conditional
)
\Gm@cnth=\count95
\Gm@cntv=\count96
\c@Gm@tempcnt=\count97
\Gm@bindingoffset=\dimen108
\Gm@wd@mp=\dimen109
\Gm@odd@mp=\dimen110
\Gm@even@mp=\dimen111
\Gm@layoutwidth=\dimen112
\Gm@layoutheight=\dimen113
\Gm@layouthoffset=\dimen114
\Gm@layoutvoffset=\dimen115
\Gm@dimlist=\toks20

("C:\Program Files (x86)\MiKTeX 2.9\tex\latex\geometry\geometry.cfg"))
("C:\Program Files (x86)\MiKTeX 2.9\tex\latex\hyperref\hyperref.sty"
Package: hyperref 2012/11/06 v6.83m Hypertext links for LaTeX

("C:\Program Files (x86)\MiKTeX 2.9\tex\generic\oberdiek\hobsub-hyperref.sty"
Package: hobsub-hyperref 2012/04/25 v1.12 Bundle oberdiek, subset hyperref (HO)

("C:\Program Files (x86)\MiKTeX 2.9\tex\generic\oberdiek\hobsub-generic.sty"
Package: hobsub-generic 2012/04/25 v1.12 Bundle oberdiek, subset generic (HO)
Package: hobsub 2012/04/25 v1.12 Construct package bundles (HO)
Package hobsub Info: Skipping package `infwarerr' (already loaded).
Package hobsub Info: Skipping package `ltxcmds' (already loaded).
Package: ifluatex 2010/03/01 v1.3 Provides the ifluatex switch (HO)
Package ifluatex Info: LuaTeX not detected.
Package hobsub Info: Skipping package `ifvtex' (already loaded).
Package: intcalc 2007/09/27 v1.1 Expandable calculations with integers (HO)
Package hobsub Info: Skipping package `ifpdf' (already loaded).
Package: etexcmds 2011/02/16 v1.5 Avoid name clashes with e-TeX commands (HO)
Package etexcmds Info: Could not find \expanded.
(etexcmds)             That can mean that you are not using pdfTeX 1.50 or
(etexcmds)             that some package has redefined \expanded.
(etexcmds)             In the latter case, load this package earlier.
Package: kvsetkeys 2012/04/25 v1.16 Key value parser (HO)
Package: kvdefinekeys 2011/04/07 v1.3 Define keys (HO)
Package: pdftexcmds 2011/11/29 v0.20 Utility functions of pdfTeX for LuaTeX (HO)
Package pdftexcmds Info: LuaTeX not detected.
Package pdftexcmds Info: \pdf@primitive is available.
Package pdftexcmds Info: \pdf@ifprimitive is available.
Package pdftexcmds Info: \pdfdraftmode found.
Package: pdfescape 2011/11/25 v1.13 Implements pdfTeX's escape features (HO)
Package: bigintcalc 2012/04/08 v1.3 Expandable calculations on big integers (HO)
Package: bitset 2011/01/30 v1.1 Handle bit-vector datatype (HO)
Package: uniquecounter 2011/01/30 v1.2 Provide unlimited unique counter (HO)
)
Package hobsub Info: Skipping package `hobsub' (already loaded).
Package: letltxmacro 2010/09/02 v1.4 Let assignment for LaTeX macros (HO)
Package: hopatch 2011/06/24 v1.1 Wrapper for package hooks (HO)
Package: xcolor-patch 2011/01/30 xcolor patch
Package: atveryend 2011/06/30 v1.8 Hooks at the very end of document (HO)
Package atveryend Info: \enddocument detected (standard20110627).
Package: atbegshi 2011/10/05 v1.16 At begin shipout hook (HO)
Package: refcount 2011/10/16 v3.4 Data extraction from label references (HO)
Package: hycolor 2011/01/30 v1.7 Color options for hyperref/bookmark (HO)
)
("C:\Program Files (x86)\MiKTeX 2.9\tex\latex\oberdiek\auxhook.sty"
Package: auxhook 2011/03/04 v1.3 Hooks for auxiliary files (HO)
)
("C:\Program Files (x86)\MiKTeX 2.9\tex\latex\oberdiek\kvoptions.sty"
Package: kvoptions 2011/06/30 v3.11 Key value format for package options (HO)
)
\@linkdim=\dimen116
\Hy@linkcounter=\count98
\Hy@pagecounter=\count99

("C:\Program Files (x86)\MiKTeX 2.9\tex\latex\hyperref\pd1enc.def"
File: pd1enc.def 2012/11/06 v6.83m Hyperref: PDFDocEncoding definition (HO)
)
\Hy@SavedSpaceFactor=\count100

("C:\Program Files (x86)\MiKTeX 2.9\tex\latex\00miktex\hyperref.cfg"
File: hyperref.cfg 2002/06/06 v1.2 hyperref configuration of TeXLive
)
Package hyperref Info: Hyper figures OFF on input line 4443.
Package hyperref Info: Link nesting OFF on input line 4448.
Package hyperref Info: Hyper index ON on input line 4451.
Package hyperref Info: Plain pages OFF on input line 4458.
Package hyperref Info: Backreferencing OFF on input line 4463.
Package hyperref Info: Implicit mode ON; LaTeX internals redefined.
Package hyperref Info: Bookmarks ON on input line 4688.
\c@Hy@tempcnt=\count101

(C:\Users\victor\AppData\Roaming\MiKTeX\2.9\tex\latex\url\url.sty
\Urlmuskip=\muskip10
Package: url 2013/09/16  ver 3.4  Verb mode for urls, etc.
)
LaTeX Info: Redefining \url on input line 5041.
\XeTeXLinkMargin=\dimen117
\Fld@menulength=\count102
\Field@Width=\dimen118
\Fld@charsize=\dimen119
Package hyperref Info: Hyper figures OFF on input line 6295.
Package hyperref Info: Link nesting OFF on input line 6300.
Package hyperref Info: Hyper index ON on input line 6303.
Package hyperref Info: backreferencing OFF on input line 6310.
Package hyperref Info: Link coloring OFF on input line 6315.
Package hyperref Info: Link coloring with OCG OFF on input line 6320.
Package hyperref Info: PDF/A mode OFF on input line 6325.
LaTeX Info: Redefining \ref on input line 6365.
LaTeX Info: Redefining \pageref on input line 6369.
\Hy@abspage=\count103
\c@Item=\count104
\c@Hfootnote=\count105
)

Package hyperref Message: Driver: hpdftex.

("C:\Program Files (x86)\MiKTeX 2.9\tex\latex\hyperref\hpdftex.def"
File: hpdftex.def 2012/11/06 v6.83m Hyperref driver for pdfTeX
\Fld@listcount=\count106
\c@bookmark@seq@number=\count107

("C:\Program Files (x86)\MiKTeX 2.9\tex\latex\oberdiek\rerunfilecheck.sty"
Package: rerunfilecheck 2011/04/15 v1.7 Rerun checks for auxiliary files (HO)
Package uniquecounter Info: New unique counter `rerunfilecheck' on input line 282.
)
\Hy@SectionHShift=\skip45
)
(C:\Users\victor\AppData\Roaming\MiKTeX\2.9\tex\latex\lettrine\lettrine.sty
File: lettrine.sty 2013/03/14 v1.64 (Daniel Flipo)
\c@DefaultLines=\count108
\DefaultFindent=\dimen120
\DefaultNindent=\dimen121
\DefaultSlope=\dimen122
\L@lbox=\box27
\L@tbox=\box28
\c@L@lines=\count109
\L@Pindent=\dimen123
\L@Findent=\dimen124
\L@Nindent=\dimen125
\L@lraise=\dimen126
\L@first=\dimen127
\L@next=\dimen128
\L@slope=\dimen129
\L@height=\dimen130
\LettrineWidth=\dimen131

Loading lettrine.cfg
(C:\Users\victor\AppData\Roaming\MiKTeX\2.9\tex\latex\lettrine\lettrine.cfg))
(C:\Users\victor\AppData\Roaming\MiKTeX\2.9\tex\latex\titlesec\titlesec.sty
Package: titlesec 2011/12/15 v2.10.0 Sectioning titles
\ttl@box=\box29
\beforetitleunit=\skip46
\aftertitleunit=\skip47
\ttl@plus=\dimen132
\ttl@minus=\dimen133
\ttl@toksa=\toks21
\titlewidth=\dimen134
\titlewidthlast=\dimen135
\titlewidthfirst=\dimen136
)
(C:\Users\victor\AppData\Roaming\MiKTeX\2.9\tex\latex\fancyhdr\fancyhdr.sty
\fancy@headwidth=\skip48
\f@ncyO@elh=\skip49
\f@ncyO@erh=\skip50
\f@ncyO@olh=\skip51
\f@ncyO@orh=\skip52
\f@ncyO@elf=\skip53
\f@ncyO@erf=\skip54
\f@ncyO@olf=\skip55
\f@ncyO@orf=\skip56
)
(D:\docs\textos\Tecnicos\libro-sig_resumido\latex\Libro_SIG.aux
(D:\docs\textos\Tecnicos\libro-sig_resumido\latex\Introduccion_fundamentos/Introduccion_fundamentos.aux)
(D:\docs\textos\Tecnicos\libro-sig_resumido\latex\Historia/Historia.aux)
(D:\docs\textos\Tecnicos\libro-sig_resumido\latex\Fundamentos_cartograficos/Fundamentos_cartograficos.aux)
(D:\docs\textos\Tecnicos\libro-sig_resumido\latex\Introduccion_datos/Introduccion_datos.aux)
(D:\docs\textos\Tecnicos\libro-sig_resumido\latex\Fuentes_datos/Fuentes_datos.aux)
(D:\docs\textos\Tecnicos\libro-sig_resumido\latex\Software/Software.aux)
(D:\docs\textos\Tecnicos\libro-sig_resumido\latex\Bases_datos/Bases_datos.aux)
(D:\docs\textos\Tecnicos\libro-sig_resumido\latex\Introduccion_procesos/Introduccion_procesos.aux)
(D:\docs\textos\Tecnicos\libro-sig_resumido\latex\Visualizacion/Visualizacion.aux))
LaTeX Font Info:    Checking defaults for OML/cmm/m/it on input line 71.
LaTeX Font Info:    ... okay on input line 71.
LaTeX Font Info:    Checking defaults for T1/cmr/m/n on input line 71.
LaTeX Font Info:    ... okay on input line 71.
LaTeX Font Info:    Checking defaults for OT1/cmr/m/n on input line 71.
LaTeX Font Info:    ... okay on input line 71.
LaTeX Font Info:    Checking defaults for OMS/cmsy/m/n on input line 71.
LaTeX Font Info:    ... okay on input line 71.
LaTeX Font Info:    Checking defaults for OMX/cmex/m/n on input line 71.
LaTeX Font Info:    ... okay on input line 71.
LaTeX Font Info:    Checking defaults for U/cmr/m/n on input line 71.
LaTeX Font Info:    ... okay on input line 71.
LaTeX Font Info:    Checking defaults for PD1/pdf/m/n on input line 71.
LaTeX Font Info:    ... okay on input line 71.
LaTeX Font Info:    Try loading font information for T1+lmr on input line 71.

("C:\Program Files (x86)\MiKTeX 2.9\tex\latex\lm\t1lmr.fd"
File: t1lmr.fd 2009/10/30 v1.6 Font defs for Latin Modern
)
(C:\Users\victor\AppData\Roaming\MiKTeX\2.9\tex\context\base\supp-pdf.mkii
[Loading MPS to PDF converter (version 2006.09.02).]
\scratchcounter=\count110
\scratchdimen=\dimen137
\scratchbox=\box30
\nofMPsegments=\count111
\nofMParguments=\count112
\everyMPshowfont=\toks22
\MPscratchCnt=\count113
\MPscratchDim=\dimen138
\MPnumerator=\count114
\makeMPintoPDFobject=\count115
\everyMPtoPDFconversion=\toks23
)
LaTeX Info: Redefining \microtypecontext on input line 71.
Package microtype Info: Generating PDF output.
Package microtype Info: Character protrusion enabled (level 2).
Package microtype Info: Using default protrusion set `alltext'.
Package microtype Info: Automatic font expansion enabled (level 2),
(microtype)             stretch: 20, shrink: 20, step: 1, non-selected.
Package microtype Info: Using default expansion set `basictext'.
Package microtype Info: No adjustment of tracking.
Package microtype Info: No adjustment of interword spacing.
Package microtype Info: No adjustment of character kerning.
 (C:\Users\victor\AppData\Roaming\MiKTeX\2.9\tex\latex\microtype\mt-cmr.cfg
File: mt-cmr.cfg 2013/05/19 v2.2 microtype config. file: Computer Modern Roman (RS)
)
*geometry* detected driver: dvips

Package geometry Warning: The marginal notes overrun the paper.
     Add 76.02495pt and more to the right margin.

*geometry* verbose mode - [ preamble ] result:
* driver: dvips
* paper: custom
* layout: <same size as paper>
* layoutoffset:(h,v)=(0.0pt,0.0pt)
* modes: twoside 
* h-part:(L,W,R)=(57.81621pt, 256.55873pt, 46.97505pt)
* v-part:(T,H,B)=(46.97505pt, 466.14238pt, 65.04256pt)
* \paperwidth=361.34999pt
* \paperheight=578.15999pt
* \textwidth=256.55873pt
* \textheight=466.14238pt
* \oddsidemargin=-14.45378pt
* \evensidemargin=-25.29494pt
* \topmargin=-57.16873pt
* \headheight=12.0pt
* \headsep=19.8738pt
* \topskip=11.0pt
* \footskip=27.46295pt
* \marginparwidth=116.0pt
* \marginparsep=7.0pt
* \columnsep=10.0pt
* \skip\footins=10.0pt plus 4.0pt minus 2.0pt
* \hoffset=0.0pt
* \voffset=0.0pt
* \mag=1000
* \@twocolumnfalse
* \@twosidetrue
* \@mparswitchtrue
* \@reversemarginfalse
* (1in=72.27pt=25.4mm, 1cm=28.453pt)

\AtBeginShipoutBox=\box31
Package hyperref Info: Link coloring OFF on input line 71.
("C:\Program Files (x86)\MiKTeX 2.9\tex\latex\hyperref\nameref.sty"
Package: nameref 2012/10/27 v2.43 Cross-referencing by name of section

("C:\Program Files (x86)\MiKTeX 2.9\tex\generic\oberdiek\gettitlestring.sty"
Package: gettitlestring 2010/12/03 v1.4 Cleanup title references (HO)
)
\c@section@level=\count116
)
LaTeX Info: Redefining \ref on input line 71.
LaTeX Info: Redefining \pageref on input line 71.
LaTeX Info: Redefining \nameref on input line 71.

(D:\docs\textos\Tecnicos\libro-sig_resumido\latex\Libro_SIG.out)
(D:\docs\textos\Tecnicos\libro-sig_resumido\latex\Libro_SIG.out)
\@outlinefile=\write3
 [1
Non-PDF special ignored!

] [2] [1

{C:/Users/victor/AppData/Local/MiKTeX/2.9/pdftex/config/pdftex.map}]
LaTeX Font Info:    Try loading font information for OMS+lmr on input line 99.

("C:\Program Files (x86)\MiKTeX 2.9\tex\latex\lm\omslmr.fd"
File: omslmr.fd 2009/10/30 v1.6 Font defs for Latin Modern
)
LaTeX Font Info:    Try loading font information for OMS+lmsy on input line 99.
 ("C:\Program Files (x86)\MiKTeX 2.9\tex\latex\lm\omslmsy.fd"
File: omslmsy.fd 2009/10/30 v1.6 Font defs for Latin Modern
)
LaTeX Font Info:    Font shape `OMS/lmr/m/n' in size <8> not available
(Font)              Font shape `OMS/lmsy/m/n' tried instead on input line 99.

Underfull \hbox (badness 10000) in paragraph at lines 97--100

 []


Underfull \hbox (badness 10000) in paragraph at lines 102--103

 []

LaTeX Font Info:    Try loading font information for T1+lmtt on input line 106.
("C:\Program Files (x86)\MiKTeX 2.9\tex\latex\lm\t1lmtt.fd"
File: t1lmtt.fd 2009/10/30 v1.6 Font defs for Latin Modern
)
Package microtype Info: Loading generic settings for font family
(microtype)             `lmtt' (encoding: T1).
(microtype)             For optimal results, create family-specific settings.
(microtype)             See the microtype manual for details.
LaTeX Font Info:    Try loading font information for OT1+lmr on input line 106.
 ("C:\Program Files (x86)\MiKTeX 2.9\tex\latex\lm\ot1lmr.fd"
File: ot1lmr.fd 2009/10/30 v1.6 Font defs for Latin Modern
)
LaTeX Font Info:    Try loading font information for OML+lmm on input line 106.
 ("C:\Program Files (x86)\MiKTeX 2.9\tex\latex\lm\omllmm.fd"
File: omllmm.fd 2009/10/30 v1.6 Font defs for Latin Modern
)
LaTeX Font Info:    Try loading font information for OMX+lmex on input line 106.

("C:\Program Files (x86)\MiKTeX 2.9\tex\latex\lm\omxlmex.fd"
File: omxlmex.fd 2009/10/30 v1.6 Font defs for Latin Modern
)
LaTeX Font Info:    External font `lmex10' loaded for size
(Font)              <8> on input line 106.
LaTeX Font Info:    External font `lmex10' loaded for size
(Font)              <6> on input line 106.
LaTeX Font Info:    External font `lmex10' loaded for size
(Font)              <5> on input line 106.

Underfull \hbox (badness 10000) in paragraph at lines 105--107

 []


Underfull \hbox (badness 10000) in paragraph at lines 108--110

 []

[2]
\drop=\skip57
Package microtype Info: Character `029' is missing
(microtype)             in font `T1/lmr/m/sc/14.4'.
(microtype)             Ignoring protrusion settings for this character.

Underfull \vbox (badness 10000) has occurred while \output is active []

 [3

]
Overfull \vbox (28.65002pt too high) has occurred while \output is active []

 [4] [5] [6

]
(D:\docs\textos\Tecnicos\libro-sig_resumido\latex\prologo.tex
Package microtype Info: Character `029' is missing
(microtype)             in font `T1/lmr/m/sc/10.95'.
(microtype)             Ignoring protrusion settings for this character.
 [7

]) [8] [9

] [10

]
(D:\docs\textos\Tecnicos\libro-sig_resumido\latex\Introduccion_fundamentos/Introduccion_fundamentos.tex
Cap\'{\i }tulo 1.
pdfTeX warning (ext4): destination with the same identifier (name{page.1}) has been already used, duplicate ignored
<to be read again> 
                   \relax 
l.19 
      [1


]pdfTeX warning (ext4): destination with the same identifier (name{page.2}) has been already used, duplicate ignored
<to be read again> 
                   \relax 
l.28 
      [2] [3] [4]) [5] (D:\docs\textos\Tecnicos\libro-sig_resumido\latex\Historia/Historia.tex [6



]
Cap\'{\i }tulo 2.
[7]

Package hyperref Warning: The anchor of a bookmark and its parent's must not
(hyperref)                be the same. Added a new anchor on input line 24.


Underfull \vbox (badness 10000) has occurred while \output is active []

 [8] [9] [10] [11]
LaTeX Font Info:    External font `lmex10' loaded for size
(Font)              <10.95> on input line 62.
 [12]

LaTeX Warning: Reference `Sensores' on page 13 undefined on input line 64.

[13]) [14] (D:\docs\textos\Tecnicos\libro-sig_resumido\latex\Fundamentos_cartograficos/Fundamentos_cartograficos.tex
Cap\'{\i }tulo 3.

Package hyperref Warning: The anchor of a bookmark and its parent's must not
(hyperref)                be the same. Added a new anchor on input line 6.

[15



] [16]

pdfTeX warning: pdflatex.exe (file D:/docs/textos/Tecnicos/libro-sig_resumido/latex/Fundamentos_cartograficos/Tres_super
ficies.pdf): PDF inclusion: found PDF version <1.6>, but at most version <1.5> allowed
<Fundamentos_cartograficos/Tres_superficies.pdf, id=389, 588.93266pt x 271.71634pt>
File: Fundamentos_cartograficos/Tres_superficies.pdf Graphic file (type pdf)

<use Fundamentos_cartograficos/Tres_superficies.pdf>
Package pdftex.def Info: Fundamentos_cartograficos/Tres_superficies.pdf used on input line 35.
(pdftex.def)             Requested size: 153.9368pt x 71.02187pt.
 [17 <D:/docs/textos/Tecnicos/libro-sig_resumido/latex/Fundamentos_cartograficos/Tres_superficies.pdf>] [18]

pdfTeX warning: pdflatex.exe (file D:/docs/textos/Tecnicos/libro-sig_resumido/latex/Fundamentos_cartograficos/Proyeccion
.pdf): PDF inclusion: found PDF version <1.6>, but at most version <1.5> allowed
<Fundamentos_cartograficos/Proyeccion.pdf, id=403, 705.2634pt x 665.4055pt>
File: Fundamentos_cartograficos/Proyeccion.pdf Graphic file (type pdf)

<use Fundamentos_cartograficos/Proyeccion.pdf>
Package pdftex.def Info: Fundamentos_cartograficos/Proyeccion.pdf used on input line 59.
(pdftex.def)             Requested size: 128.27936pt x 121.02682pt.
LaTeX Font Info:    External font `lmex10' loaded for size
(Font)              <10> on input line 60.
LaTeX Font Info:    External font `lmex10' loaded for size
(Font)              <7> on input line 60.
 [19 <D:/docs/textos/Tecnicos/libro-sig_resumido/latex/Fundamentos_cartograficos/Proyeccion.pdf>] [20] [21] [22] [23]
<Fundamentos_cartograficos/Generalizacion_agregacion.png, id=429, 838.13126pt x 583.17876pt>
File: Fundamentos_cartograficos/Generalizacion_agregacion.png Graphic file (type png)

<use Fundamentos_cartograficos/Generalizacion_agregacion.png>
Package pdftex.def Info: Fundamentos_cartograficos/Generalizacion_agregacion.png used on input line 117.
(pdftex.def)             Requested size: 192.41904pt x 133.87914pt.
 [24]
Underfull \vbox (badness 2165) has occurred while \output is active []

 [25 <D:/docs/textos/Tecnicos/libro-sig_resumido/latex/Fundamentos_cartograficos/Generalizacion_agregacion.png>]
<Fundamentos_cartograficos/SIG_multi_escala.png, id=442, 841.1425pt x 693.59125pt>
File: Fundamentos_cartograficos/SIG_multi_escala.png Graphic file (type png)

<use Fundamentos_cartograficos/SIG_multi_escala.png>
Package pdftex.def Info: Fundamentos_cartograficos/SIG_multi_escala.png used on input line 137.
(pdftex.def)             Requested size: 256.55873pt x 211.55031pt.

<Fundamentos_cartograficos/Piramide.png, id=445, 287.0725pt x 153.57375pt>
File: Fundamentos_cartograficos/Piramide.png Graphic file (type png)
 <use Fundamentos_cartograficos/Piramide.png>
Package pdftex.def Info: Fundamentos_cartograficos/Piramide.png used on input line 150.
(pdftex.def)             Requested size: 141.10808pt x 75.48846pt.
) [26] [27 <D:/docs/textos/Tecnicos/libro-sig_resumido/latex/Fundamentos_cartograficos/SIG_multi_escala.png (PNG copy)> 
<D:/docs/textos/Tecnicos/libro-sig_resumido/latex/Fundamentos_cartograficos/Piramide.png (PNG copy)>]
(D:\docs\textos\Tecnicos\libro-sig_resumido\latex\Introduccion_datos/Introduccion_datos.tex [28



]
Cap\'{\i }tulo 4.

Package hyperref Warning: The anchor of a bookmark and its parent's must not
(hyperref)                be the same. Added a new anchor on input line 12.

[29]
Overfull \hbox (4.69931pt too wide) in paragraph at lines 22--23
\T1/lmr/m/n/10.95 (-20) TAY-DOS NOR-TE son ma-yo-res en vo-lu-men que 502132N,
 []

[30] <Introduccion_datos/Concepto_capa.png, id=470, 1263.72125pt x 534.99875pt>
File: Introduccion_datos/Concepto_capa.png Graphic file (type png)

<use Introduccion_datos/Concepto_capa.png>
Package pdftex.def Info: Introduccion_datos/Concepto_capa.png used on input line 44.
(pdftex.def)             Requested size: 179.59032pt x 76.02586pt.
 [31 <D:/docs/textos/Tecnicos/libro-sig_resumido/latex/Introduccion_datos/Concepto_capa.png>] [32] [33]

Package hyperref Warning: The anchor of a bookmark and its parent's must not
(hyperref)                be the same. Added a new anchor on input line 83.

[34] <Tipos_datos/Raster_closeup.png, id=489, 406.51875pt x 271.0125pt>
File: Tipos_datos/Raster_closeup.png Graphic file (type png)
 <use Tipos_datos/Raster_closeup.png>
Package pdftex.def Info: Tipos_datos/Raster_closeup.png used on input line 94.
(pdftex.def)             Requested size: 153.9368pt x 102.6219pt.
 [35 <D:/docs/textos/Tecnicos/libro-sig_resumido/latex/Tipos_datos/Raster_closeup.png>]
Overfull \hbox (0.4916pt too wide) in paragraph at lines 103--105
\T1/lmr/m/n/10.95 (-20) mi-na-dos \T1/lmr/bx/n/10.95 Mo-de-los Di-gi-ta-les de Ele-va-cio-nes \T1/lmr/m/n/10.95 (-20) (M
DE),
 []



pdfTeX warning: pdflatex.exe (file D:/docs/textos/Tecnicos/libro-sig_resumido/latex/Tipos_datos/Primitivas_vectoriales.p
df): PDF inclusion: found PDF version <1.6>, but at most version <1.5> allowed
<Tipos_datos/Primitivas_vectoriales.pdf, id=494, 1041.37813pt x 645.55583pt>
File: Tipos_datos/Primitivas_vectoriales.pdf Graphic file (type pdf)

<use Tipos_datos/Primitivas_vectoriales.pdf>
Package pdftex.def Info: Tipos_datos/Primitivas_vectoriales.pdf used on input line 116.
(pdftex.def)             Requested size: 256.55873pt x 159.03432pt.
 [36]
Underfull \vbox (badness 3049) has occurred while \output is active []

 [37 <D:/docs/textos/Tecnicos/libro-sig_resumido/latex/Tipos_datos/Primitivas_vectoriales.pdf>] [38] <Tipos_datos/Topolo
gia_vias.pdf, id=520, 778.77504pt x 327.52371pt>
File: Tipos_datos/Topologia_vias.pdf Graphic file (type pdf)

<use Tipos_datos/Topologia_vias.pdf>
Package pdftex.def Info: Tipos_datos/Topologia_vias.pdf used on input line 135.
(pdftex.def)             Requested size: 153.9368pt x 64.73894pt.
 [39 <D:/docs/textos/Tecnicos/libro-sig_resumido/latex/Tipos_datos/Topologia_vias.pdf>] <Tipos_datos/Esquemas_modelos_re
presentacion.pdf, id=534, 4477.74149pt x 1651.15723pt>
File: Tipos_datos/Esquemas_modelos_representacion.pdf Graphic file (type pdf)

<use Tipos_datos/Esquemas_modelos_representacion.pdf>
Package pdftex.def Info: Tipos_datos/Esquemas_modelos_representacion.pdf used on input line 151.
(pdftex.def)             Requested size: 230.90129pt x 85.13254pt.
 [40 <D:/docs/textos/Tecnicos/libro-sig_resumido/latex/Tipos_datos/Esquemas_modelos_representacion.pdf>] <Tipos_datos/Im
precision_raster.png, id=549, 317.185pt x 293.095pt>
File: Tipos_datos/Imprecision_raster.png Graphic file (type png)

<use Tipos_datos/Imprecision_raster.png>
Package pdftex.def Info: Tipos_datos/Imprecision_raster.png used on input line 168.
(pdftex.def)             Requested size: 128.27936pt x 118.53734pt.
 [41 <D:/docs/textos/Tecnicos/libro-sig_resumido/latex/Tipos_datos/Imprecision_raster.png>]

LaTeX Warning: Reference `Creacion_capas_raster' on page 42 undefined on input line 187.


LaTeX Warning: Reference `Creacion_capas_vectoriales' on page 42 undefined on input line 187.

) [42] (D:\docs\textos\Tecnicos\libro-sig_resumido\latex\Fuentes_datos/Fuentes_datos.tex
Cap\'{\i }tulo 5.
[43



]

Package hyperref Warning: The anchor of a bookmark and its parent's must not
(hyperref)                be the same. Added a new anchor on input line 19.

<Fuentes_datos/Elementos_teledeteccion.pdf, id=565, 661.55727pt x 536.40402pt>
File: Fuentes_datos/Elementos_teledeteccion.pdf Graphic file (type pdf)

<use Fuentes_datos/Elementos_teledeteccion.pdf>
Package pdftex.def Info: Fuentes_datos/Elementos_teledeteccion.pdf used on input line 27.
(pdftex.def)             Requested size: 153.9368pt x 124.81085pt.
 [44] [45 <D:/docs/textos/Tecnicos/libro-sig_resumido/latex/Fuentes_datos/Elementos_teledeteccion.pdf>] [46] [47] [48] [
49] [50]
Underfull \vbox (badness 10000) has occurred while \output is active []

 [51] [52] [53]
Underfull \vbox (badness 3179) has occurred while \output is active []

 [54]

Package hyperref Warning: The anchor of a bookmark and its parent's must not
(hyperref)                be the same. Added a new anchor on input line 153.


Underfull \vbox (badness 1681) has occurred while \output is active []

 [55]
<Fuentes_datos/Imprecisiones_digitalizacion.pdf, id=621, 588.25024pt x 151.66922pt>
File: Fuentes_datos/Imprecisiones_digitalizacion.pdf Graphic file (type pdf)

<use Fuentes_datos/Imprecisiones_digitalizacion.pdf>
Package pdftex.def Info: Fuentes_datos/Imprecisiones_digitalizacion.pdf used on input line 167.
(pdftex.def)             Requested size: 205.24776pt x 52.91838pt.
 [56 <D:/docs/textos/Tecnicos/libro-sig_resumido/latex/Fuentes_datos/Imprecisiones_digitalizacion.pdf>] [57] [58]

LaTeX Warning: Citation `wikipediaGPS' on page 59 undefined on input line 200.

[59] [60]
Underfull \vbox (badness 3179) has occurred while \output is active []

 [61] [62] [63]

Package hyperref Warning: The anchor of a bookmark and its parent's must not
(hyperref)                be the same. Added a new anchor on input line 259.

[64]

LaTeX Warning: Reference `Estandares' on page 65 undefined on input line 263.

) [65] (D:\docs\textos\Tecnicos\libro-sig_resumido\latex\Software/Software.tex [66



]
Cap\'{\i }tulo 6.

Package hyperref Warning: The anchor of a bookmark and its parent's must not
(hyperref)                be the same. Added a new anchor on input line 14.

[67] [68] <Software/Herramientas_navegacion.png, id=685, 1505.625pt x 790.955pt>
File: Software/Herramientas_navegacion.png Graphic file (type png)

<use Software/Herramientas_navegacion.png>
Package pdftex.def Info: Software/Herramientas_navegacion.png used on input line 38.
(pdftex.def)             Requested size: 253.99455pt x 133.42264pt.
 [69 <D:/docs/textos/Tecnicos/libro-sig_resumido/latex/Software/Herramientas_navegacion.png>] [70] [71] [72] <Software/S
erie_mapas.png, id=704, 1505.625pt x 693.59125pt>
File: Software/Serie_mapas.png Graphic file (type png)

<use Software/Serie_mapas.png>
Package pdftex.def Info: Software/Serie_mapas.png used on input line 95.
(pdftex.def)             Requested size: 230.90129pt x 106.36253pt.

Underfull \vbox (badness 3713) has occurred while \output is active []

 [73 <D:/docs/textos/Tecnicos/libro-sig_resumido/latex/Software/Serie_mapas.png (PNG copy)>] [74] <Software/Asi_funciona
_internet.pdf, id=715, 797.45866pt x 443.6481pt>
File: Software/Asi_funciona_internet.pdf Graphic file (type pdf)

<use Software/Asi_funciona_internet.pdf>
Package pdftex.def Info: Software/Asi_funciona_internet.pdf used on input line 143.
(pdftex.def)             Requested size: 256.55873pt x 142.72847pt.
 <Software/Servidores_y_clientes.pdf, id=717, 130.26877pt x 67.90714pt>
File: Software/Servidores_y_clientes.pdf Graphic file (type pdf)

<use Software/Servidores_y_clientes.pdf>
Package pdftex.def Info: Software/Servidores_y_clientes.pdf used on input line 152.
(pdftex.def)             Requested size: 243.73001pt x 127.05508pt.
 [75] [76 <D:/docs/textos/Tecnicos/libro-sig_resumido/latex/Software/Asi_funciona_internet.pdf> <D:/docs/textos/Tecnicos
/libro-sig_resumido/latex/Software/Servidores_y_clientes.pdf

pdfTeX warning: pdflatex.exe (file D:/docs/textos/Tecnicos/libro-sig_resumido/latex/Software/Servidores_y_clientes.pdf):
 PDF inclusion: multiple pdfs with page group included in a single page
>] [77] <Software/Datos_y_procesos_remotos.pdf, id=777, 134.98074pt x 47.87775pt>
File: Software/Datos_y_procesos_remotos.pdf Graphic file (type pdf)

<use Software/Datos_y_procesos_remotos.pdf>
Package pdftex.def Info: Software/Datos_y_procesos_remotos.pdf used on input line 175.
(pdftex.def)             Requested size: 243.73001pt x 86.45818pt.
 [78]
Underfull \vbox (badness 1635) has occurred while \output is active []

 [79 <D:/docs/textos/Tecnicos/libro-sig_resumido/latex/Software/Datos_y_procesos_remotos.pdf>] [80] <Software/Tiling.pdf
, id=812, 763.25545pt x 543.63895pt>
File: Software/Tiling.pdf Graphic file (type pdf)

<use Software/Tiling.pdf>
Package pdftex.def Info: Software/Tiling.pdf used on input line 221.
(pdftex.def)             Requested size: 256.55873pt x 182.7361pt.
 [81]
Underfull \vbox (badness 7151) has occurred while \output is active []

 [82 <D:/docs/textos/Tecnicos/libro-sig_resumido/latex/Software/Tiling.pdf>] [83]

LaTeX Warning: Citation `perensEstandares' on page 84 undefined on input line 258.


Overfull \hbox (1.53783pt too wide) in paragraph at lines 258--259
[]\T1/lmr/m/n/10.95 (-20) Los prin-ci-pios fun-da-men-ta-les de los es-tán-da-res abier-
 []

[84] <Software/Esquema_no_interoperable.pdf, id=871, 536.87918pt x 324.67082pt>
File: Software/Esquema_no_interoperable.pdf Graphic file (type pdf)

<use Software/Esquema_no_interoperable.pdf>
Package pdftex.def Info: Software/Esquema_no_interoperable.pdf used on input line 275.
(pdftex.def)             Requested size: 128.27936pt x 77.57085pt.
 [85 <D:/docs/textos/Tecnicos/libro-sig_resumido/latex/Software/Esquema_no_interoperable.pdf>] [86] <Software/Esquema_in
teroperable.pdf, id=891, 584.3266pt x 326.35837pt>
File: Software/Esquema_interoperable.pdf Graphic file (type pdf)

<use Software/Esquema_interoperable.pdf>
Package pdftex.def Info: Software/Esquema_interoperable.pdf used on input line 295.
(pdftex.def)             Requested size: 128.27936pt x 71.64468pt.
 [87 <D:/docs/textos/Tecnicos/libro-sig_resumido/latex/Software/Esquema_interoperable.pdf>] [88]
Underfull \vbox (badness 3179) has occurred while \output is active []

 [89] [90]
Underfull \vbox (badness 3179) has occurred while \output is active []

 [91]
<SIG_movil/TiposDispositivosMoviles.png, id=923, 1613.02625pt x 761.84625pt>
File: SIG_movil/TiposDispositivosMoviles.png Graphic file (type png)

<use SIG_movil/TiposDispositivosMoviles.png>
Package pdftex.def Info: SIG_movil/TiposDispositivosMoviles.png used on input line 363.
(pdftex.def)             Requested size: 230.90129pt x 109.05246pt.
 [92] [93 <D:/docs/textos/Tecnicos/libro-sig_resumido/latex/SIG_movil/TiposDispositivosMoviles.png>]

LaTeX Warning: Reference `Servidores_y_clientes_remotos' on page 94 undefined on input line 377.


LaTeX Warning: Citation `ESRI2007MobileGIS' on page 94 undefined on input line 379.


LaTeX Warning: Citation `Brimicombre2002GIS' on page 94 undefined on input line 387.

<SIG_movil/LBSInterseccion.pdf, id=936, 381.97337pt x 366.09692pt>
! Undefined control sequence.
\Gin@@ewidth ->0.35\mycolumnwidth 
                                  
l.391 ...lumnwidth]{SIG_movil/LBSInterseccion.pdf}
                                                  
The control sequence at the end of the top line
of your error message was never \def'ed. If you have
misspelled it (e.g., `\hobx'), type `I' and the correct
spelling (e.g., `I\hbox'). Otherwise just continue,
and I'll forget about whatever was undefined.

! Illegal unit of measure (pt inserted).
<to be read again> 
                   \relax 
l.391 ...lumnwidth]{SIG_movil/LBSInterseccion.pdf}
                                                  
Dimensions can be in units of em, ex, in, pt, pc,
cm, mm, dd, cc, nd, nc, bp, or sp; but yours is a new one!
I'll assume that you meant to say pt, for printer's points.
To recover gracefully from this error, it's best to
delete the erroneous units; e.g., type `2' to delete
two letters. (See Chapter 27 of The TeXbook.)

! Undefined control sequence.
\Gin@@ewidth ->0.35\mycolumnwidth 
                                  
l.391 ...lumnwidth]{SIG_movil/LBSInterseccion.pdf}
                                                  
The control sequence at the end of the top line
of your error message was never \def'ed. If you have
misspelled it (e.g., `\hobx'), type `I' and the correct
spelling (e.g., `I\hbox'). Otherwise just continue,
and I'll forget about whatever was undefined.

! Illegal unit of measure (pt inserted).
<to be read again> 
                   \relax 
l.391 ...lumnwidth]{SIG_movil/LBSInterseccion.pdf}
                                                  
Dimensions can be in units of em, ex, in, pt, pc,
cm, mm, dd, cc, nd, nc, bp, or sp; but yours is a new one!
I'll assume that you meant to say pt, for printer's points.
To recover gracefully from this error, it's best to
delete the erroneous units; e.g., type `2' to delete
two letters. (See Chapter 27 of The TeXbook.)

File: SIG_movil/LBSInterseccion.pdf Graphic file (type pdf)
<use SIG_movil/LBSInterseccion.pdf>
Package pdftex.def Info: SIG_movil/LBSInterseccion.pdf used on input line 391.
(pdftex.def)             Requested size: 0.35pt x 0.33516pt.


LaTeX Warning: Citation `Brimicombre2002GIS' on page 94 undefined on input line 392.


LaTeX Warning: Citation `Brimicombre2002GIS' on page 94 undefined on input line 392.

LaTeX Font Info:    External font `lmex10' loaded for size
(Font)              <9> on input line 396.
[94 <D:/docs/textos/Tecnicos/libro-sig_resumido/latex/SIG_movil/LBSInterseccion.pdf>] [95] [96]

LaTeX Warning: Citation `Solyman2005Directions' on page 97 undefined on input line 416.

[97]
Underfull \vbox (badness 10000) has occurred while \output is active []

 [98]
Underfull \vbox (badness 1226) has occurred while \output is active []

 [99]

LaTeX Warning: Reference `Datos_digitales_y_analogicos' on page 100 undefined on input line 438.


Underfull \vbox (badness 3179) has occurred while \output is active []

 [100] [101] [102] [103]

LaTeX Warning: Reference `Geocodificacion' on page 104 undefined on input line 477.


LaTeX Warning: Reference `Servidores_y_clientes_remotos' on page 104 undefined on input line 479.


LaTeX Warning: Reference `Nomenclator' on page 104 undefined on input line 479.

[104] <SIG_movil/MetodosPosicionamiento.pdf, id=1005, 293.1864pt x 116.89076pt>
File: SIG_movil/MetodosPosicionamiento.pdf Graphic file (type pdf)

<use SIG_movil/MetodosPosicionamiento.pdf>
Package pdftex.def Info: SIG_movil/MetodosPosicionamiento.pdf used on input line 489.
(pdftex.def)             Requested size: 243.73001pt x 97.17624pt.
 [105 <D:/docs/textos/Tecnicos/libro-sig_resumido/latex/SIG_movil/MetodosPosicionamiento.pdf>] [106]

LaTeX Warning: Citation `Lopez2004CRC' on page 107 undefined on input line 517.

[107] [108] [109]
Underfull \vbox (badness 3179) has occurred while \output is active []

 [110] [111]
Underfull \vbox (badness 3179) has occurred while \output is active []

 [112]

LaTeX Warning: Reference `Servidores' on page 113 undefined on input line 560.

[113] <SIG_movil/SigMovil.png, id=1250, 389.455pt x 501.875pt>
File: SIG_movil/SigMovil.png Graphic file (type png)
 <use SIG_movil/SigMovil.png>
Package pdftex.def Info: SIG_movil/SigMovil.png used on input line 568.
(pdftex.def)             Requested size: 102.62192pt x 132.2381pt.
 [114 <D:/docs/textos/Tecnicos/libro-sig_resumido/latex/SIG_movil/SigMovil.png>] <SIG_movil/EjemplosLBS.png, id=1258, 68
8.5725pt x 499.8675pt>
File: SIG_movil/EjemplosLBS.png Graphic file (type png)

<use SIG_movil/EjemplosLBS.png>
Package pdftex.def Info: SIG_movil/EjemplosLBS.png used on input line 579.
(pdftex.def)             Requested size: 179.59032pt x 130.37436pt.
 [115 <D:/docs/textos/Tecnicos/libro-sig_resumido/latex/SIG_movil/EjemplosLBS.png>]

LaTeX Warning: Citation `Dey2001PUC' on page 116 undefined on input line 591.


LaTeX Warning: Citation `Schilit1994IEEE' on page 116 undefined on input line 593.


LaTeX Warning: Citation `Nivala2003HCI' on page 116 undefined on input line 602.

[116]
Underfull \vbox (badness 10000) has occurred while \output is active []

 [117] [118]
<SIG_movil/RealidadAumentada.png, id=1282, 1268.74pt x 467.7475pt>
File: SIG_movil/RealidadAumentada.png Graphic file (type png)
 <use SIG_movil/RealidadAumentada.png>
Package pdftex.def Info: SIG_movil/RealidadAumentada.png used on input line 624.
(pdftex.def)             Requested size: 256.55873pt x 94.58273pt.


LaTeX Warning: Citation `Reichenbacher2004PhD' on page 119 undefined on input line 629.

[119 <D:/docs/textos/Tecnicos/libro-sig_resumido/latex/SIG_movil/RealidadAumentada.png>] [120]) [121]
(D:\docs\textos\Tecnicos\libro-sig_resumido\latex\Bases_datos/Bases_datos.tex [122



]
Cap\'{\i }tulo 7.

Underfull \vbox (badness 1852) has occurred while \output is active []

 [123] [124]

Package hyperref Warning: The anchor of a bookmark and its parent's must not
(hyperref)                be the same. Added a new anchor on input line 42.

[125]
Underfull \vbox (badness 10000) has occurred while \output is active []

 [126] [127]

Package hyperref Warning: The anchor of a bookmark and its parent's must not
(hyperref)                be the same. Added a new anchor on input line 77.

[128]
Underfull \vbox (badness 10000) has occurred while \output is active []

 [129] [130]
<Bases_datos/Seleccion_rectangulo.png, id=1336, 1126.2075pt x 626.34pt>
File: Bases_datos/Seleccion_rectangulo.png Graphic file (type png)
 <use Bases_datos/Seleccion_rectangulo.png>
Package pdftex.def Info: Bases_datos/Seleccion_rectangulo.png used on input line 103.
(pdftex.def)             Requested size: 256.55873pt x 142.67892pt.

Underfull \vbox (badness 3323) has occurred while \output is active []

 [131 <D:/docs/textos/Tecnicos/libro-sig_resumido/latex/Bases_datos/Seleccion_rectangulo.png (PNG copy)>] [132] [133] [1
34] [135] [136]) [137]
(D:\docs\textos\Tecnicos\libro-sig_resumido\latex\Introduccion_procesos/Introduccion_procesos.tex [138



]
Cap\'{\i }tulo 8.
[139] [140]
Underfull \vbox (badness 10000) has occurred while \output is active []

 [141]
Underfull \vbox (badness 10000) has occurred while \output is active []

 [142]

Package hyperref Warning: The anchor of a bookmark and its parent's must not
(hyperref)                be the same. Added a new anchor on input line 73.

[143]

pdfTeX warning: pdflatex.exe (file D:/docs/textos/Tecnicos/libro-sig_resumido/latex/Introduccion_procesos/Escalas_formas
_terreno.pdf): PDF inclusion: found PDF version <1.6>, but at most version <1.5> allowed
<Introduccion_procesos/Escalas_formas_terreno.pdf, id=1395, 563.82072pt x 432.92183pt>
File: Introduccion_procesos/Escalas_formas_terreno.pdf Graphic file (type pdf)

<use Introduccion_procesos/Escalas_formas_terreno.pdf>
Package pdftex.def Info: Introduccion_procesos/Escalas_formas_terreno.pdf used on input line 90.
(pdftex.def)             Requested size: 115.45064pt x 88.64384pt.
 [144 <D:/docs/textos/Tecnicos/libro-sig_resumido/latex/Introduccion_procesos/Escalas_formas_terreno.pdf>]

pdfTeX warning: pdflatex.exe (file D:/docs/textos/Tecnicos/libro-sig_resumido/latex/Introduccion_procesos/Medida_linea_f
ractal.pdf): PDF inclusion: found PDF version <1.6>, but at most version <1.5> allowed
<Introduccion_procesos/Medida_linea_fractal.pdf, id=1404, 794.38873pt x 581.77322pt>
File: Introduccion_procesos/Medida_linea_fractal.pdf Graphic file (type pdf)

<use Introduccion_procesos/Medida_linea_fractal.pdf>
Package pdftex.def Info: Introduccion_procesos/Medida_linea_fractal.pdf used on input line 101.
(pdftex.def)             Requested size: 115.45064pt x 84.5458pt.
 [145 <D:/docs/textos/Tecnicos/libro-sig_resumido/latex/Introduccion_procesos/Medida_linea_fractal.pdf>] [146]
<Introduccion_procesos/Autocorrelacion_espacial.png, id=1417, 1505.625pt x 401.5pt>
File: Introduccion_procesos/Autocorrelacion_espacial.png Graphic file (type png)

<use Introduccion_procesos/Autocorrelacion_espacial.png>
Package pdftex.def Info: Introduccion_procesos/Autocorrelacion_espacial.png used on input line 139.
(pdftex.def)             Requested size: 256.55873pt x 68.41338pt.
 [147 <D:/docs/textos/Tecnicos/libro-sig_resumido/latex/Introduccion_procesos/Autocorrelacion_espacial.png>]
Underfull \vbox (badness 10000) has occurred while \output is active []

 [148]

pdfTeX warning: pdflatex.exe (file D:/docs/textos/Tecnicos/libro-sig_resumido/latex/Introduccion_procesos/Efecto_borde.p
df): PDF inclusion: found PDF version <1.6>, but at most version <1.5> allowed
<Introduccion_procesos/Efecto_borde.pdf, id=1427, 614.6994pt x 669.29332pt>
File: Introduccion_procesos/Efecto_borde.pdf Graphic file (type pdf)

<use Introduccion_procesos/Efecto_borde.pdf>
Package pdftex.def Info: Introduccion_procesos/Efecto_borde.pdf used on input line 171.
(pdftex.def)             Requested size: 89.79712pt x 97.76503pt.
) [149 <D:/docs/textos/Tecnicos/libro-sig_resumido/latex/Introduccion_procesos/Efecto_borde.pdf>] (D:\docs\textos\Tecnic
os\libro-sig_resumido\latex\Visualizacion/Visualizacion.tex [150



]
Cap\'{\i }tulo 9.
<Visualizacion/CuboCartografico.pdf, id=1440, 1037.65768pt x 369.81032pt>
File: Visualizacion/CuboCartografico.pdf Graphic file (type pdf)
 <use Visualizacion/CuboCartografico.pdf>
Package pdftex.def Info: Visualizacion/CuboCartografico.pdf used on input line 13.
(pdftex.def)             Requested size: 256.55873pt x 91.43663pt.

[151]
Underfull \vbox (badness 10000) has occurred while \output is active []

 [152 <D:/docs/textos/Tecnicos/libro-sig_resumido/latex/Visualizacion/CuboCartografico.pdf>]

Package hyperref Warning: The anchor of a bookmark and its parent's must not
(hyperref)                be the same. Added a new anchor on input line 35.


LaTeX Warning: File `Visualizacion/VariablesVisuales.pdf' not found on input line 41.


! Package pdftex.def Error: File `Visualizacion/VariablesVisuales.pdf' not found.

See the pdftex.def package documentation for explanation.
Type  H <return>  for immediate help.
 ...                                              
                                                  
l.41 ...idth]{Visualizacion/VariablesVisuales.pdf}
                                                  
Using draft setting for this image.
Try typing  <return>  to proceed.
If that doesn't work, type  X <return>  to quit.

[153] [154]

LaTeX Warning: File `Visualizacion/Texturas.png' not found on input line 58.


! Package pdftex.def Error: File `Visualizacion/Texturas.png' not found.

See the pdftex.def package documentation for explanation.
Type  H <return>  for immediate help.
 ...                                              
                                                  
l.58 ...mycolumnwidth]{Visualizacion/Texturas.png}
                                                  
Using draft setting for this image.
Try typing  <return>  to proceed.
If that doesn't work, type  X <return>  to quit.

! Undefined control sequence.
\Gin@@ewidth ->.4\mycolumnwidth 
                                
l.58 ...mycolumnwidth]{Visualizacion/Texturas.png}
                                                  
The control sequence at the end of the top line
of your error message was never \def'ed. If you have
misspelled it (e.g., `\hobx'), type `I' and the correct
spelling (e.g., `I\hbox'). Otherwise just continue,
and I'll forget about whatever was undefined.

! Illegal unit of measure (pt inserted).
<to be read again> 
                   \relax 
l.58 ...mycolumnwidth]{Visualizacion/Texturas.png}
                                                  
Dimensions can be in units of em, ex, in, pt, pc,
cm, mm, dd, cc, nd, nc, bp, or sp; but yours is a new one!
I'll assume that you meant to say pt, for printer's points.
To recover gracefully from this error, it's best to
delete the erroneous units; e.g., type `2' to delete
two letters. (See Chapter 27 of The TeXbook.)

! Undefined control sequence.
\Gin@@ewidth ->.4\mycolumnwidth 
                                
l.58 ...mycolumnwidth]{Visualizacion/Texturas.png}
                                                  
The control sequence at the end of the top line
of your error message was never \def'ed. If you have
misspelled it (e.g., `\hobx'), type `I' and the correct
spelling (e.g., `I\hbox'). Otherwise just continue,
and I'll forget about whatever was undefined.

! Illegal unit of measure (pt inserted).
<to be read again> 
                   \relax 
l.58 ...mycolumnwidth]{Visualizacion/Texturas.png}
                                                  
Dimensions can be in units of em, ex, in, pt, pc,
cm, mm, dd, cc, nd, nc, bp, or sp; but yours is a new one!
I'll assume that you meant to say pt, for printer's points.
To recover gracefully from this error, it's best to
delete the erroneous units; e.g., type `2' to delete
two letters. (See Chapter 27 of The TeXbook.)

[155]
! Undefined control sequence.
l.86 \subection
               {Las propiedades de las variables visuales}
The control sequence at the end of the top line
of your error message was never \def'ed. If you have
misspelled it (e.g., `\hobx'), type `I' and the correct
spelling (e.g., `I\hbox'). Otherwise just continue,
and I'll forget about whatever was undefined.

[156] [157]

LaTeX Warning: File `Conceptos_basicos/PropiedadesVariablesVisuales.pdf' not found on input line 107.


! Package pdftex.def Error: File `Conceptos_basicos/PropiedadesVariablesVisuales.pdf' not found.

See the pdftex.def package documentation for explanation.
Type  H <return>  for immediate help.
 ...                                              
                                                  
l.107 ...basicos/PropiedadesVariablesVisuales.pdf}
                                                  
Using draft setting for this image.
Try typing  <return>  to proceed.
If that doesn't work, type  X <return>  to quit.

! Undefined control sequence.
\Gin@@ewidth ->\mycolumnwidth 
                              
l.107 ...basicos/PropiedadesVariablesVisuales.pdf}
                                                  
The control sequence at the end of the top line
of your error message was never \def'ed. If you have
misspelled it (e.g., `\hobx'), type `I' and the correct
spelling (e.g., `I\hbox'). Otherwise just continue,
and I'll forget about whatever was undefined.

! Missing number, treated as zero.
<to be read again> 
                   \relax 
l.107 ...basicos/PropiedadesVariablesVisuales.pdf}
                                                  
A number should have been here; I inserted `0'.
(If you can't figure out why I needed to see a number,
look up `weird error' in the index to The TeXbook.)

! Illegal unit of measure (pt inserted).
<to be read again> 
                   \relax 
l.107 ...basicos/PropiedadesVariablesVisuales.pdf}
                                                  
Dimensions can be in units of em, ex, in, pt, pc,
cm, mm, dd, cc, nd, nc, bp, or sp; but yours is a new one!
I'll assume that you meant to say pt, for printer's points.
To recover gracefully from this error, it's best to
delete the erroneous units; e.g., type `2' to delete
two letters. (See Chapter 27 of The TeXbook.)

! Undefined control sequence.
\Gin@@ewidth ->\mycolumnwidth 
                              
l.107 ...basicos/PropiedadesVariablesVisuales.pdf}
                                                  
The control sequence at the end of the top line
of your error message was never \def'ed. If you have
misspelled it (e.g., `\hobx'), type `I' and the correct
spelling (e.g., `I\hbox'). Otherwise just continue,
and I'll forget about whatever was undefined.

! Missing number, treated as zero.
<to be read again> 
                   \relax 
l.107 ...basicos/PropiedadesVariablesVisuales.pdf}
                                                  
A number should have been here; I inserted `0'.
(If you can't figure out why I needed to see a number,
look up `weird error' in the index to The TeXbook.)

! Illegal unit of measure (pt inserted).
<to be read again> 
                   \relax 
l.107 ...basicos/PropiedadesVariablesVisuales.pdf}
                                                  
Dimensions can be in units of em, ex, in, pt, pc,
cm, mm, dd, cc, nd, nc, bp, or sp; but yours is a new one!
I'll assume that you meant to say pt, for printer's points.
To recover gracefully from this error, it's best to
delete the erroneous units; e.g., type `2' to delete
two letters. (See Chapter 27 of The TeXbook.)

[158]
! Undefined control sequence.
<recently read> \midrule 
                         
l.130 ...box{60}{\textbf{Orientación}} \\ \midrule
                                                  
The control sequence at the end of the top line
of your error message was never \def'ed. If you have
misspelled it (e.g., `\hobx'), type `I' and the correct
spelling (e.g., `I\hbox'). Otherwise just continue,
and I'll forget about whatever was undefined.

! Undefined control sequence.
<recently read> \bottomrule 
                            
l.135 \bottomrule
                  \end{tabular}
The control sequence at the end of the top line
of your error message was never \def'ed. If you have
misspelled it (e.g., `\hobx'), type `I' and the correct
spelling (e.g., `I\hbox'). Otherwise just continue,
and I'll forget about whatever was undefined.


Overfull \hbox (116.13536pt too wide) in paragraph at lines 129--136
 [][] 
 []

[159]

LaTeX Warning: File `Conceptos_basicos/CombinacionVariablesVisuales.png' not found on input line 147.


! Package pdftex.def Error: File `Conceptos_basicos/CombinacionVariablesVisuales.png' not found.

See the pdftex.def package documentation for explanation.
Type  H <return>  for immediate help.
 ...                                              
                                                  
l.147 ...basicos/CombinacionVariablesVisuales.png}
                                                  
Using draft setting for this image.
Try typing  <return>  to proceed.
If that doesn't work, type  X <return>  to quit.

! Undefined control sequence.
\Gin@@ewidth ->\mycolumnwidth 
                              
l.147 ...basicos/CombinacionVariablesVisuales.png}
                                                  
The control sequence at the end of the top line
of your error message was never \def'ed. If you have
misspelled it (e.g., `\hobx'), type `I' and the correct
spelling (e.g., `I\hbox'). Otherwise just continue,
and I'll forget about whatever was undefined.

! Missing number, treated as zero.
<to be read again> 
                   \relax 
l.147 ...basicos/CombinacionVariablesVisuales.png}
                                                  
A number should have been here; I inserted `0'.
(If you can't figure out why I needed to see a number,
look up `weird error' in the index to The TeXbook.)

! Illegal unit of measure (pt inserted).
<to be read again> 
                   \relax 
l.147 ...basicos/CombinacionVariablesVisuales.png}
                                                  
Dimensions can be in units of em, ex, in, pt, pc,
cm, mm, dd, cc, nd, nc, bp, or sp; but yours is a new one!
I'll assume that you meant to say pt, for printer's points.
To recover gracefully from this error, it's best to
delete the erroneous units; e.g., type `2' to delete
two letters. (See Chapter 27 of The TeXbook.)

! Undefined control sequence.
\Gin@@ewidth ->\mycolumnwidth 
                              
l.147 ...basicos/CombinacionVariablesVisuales.png}
                                                  
The control sequence at the end of the top line
of your error message was never \def'ed. If you have
misspelled it (e.g., `\hobx'), type `I' and the correct
spelling (e.g., `I\hbox'). Otherwise just continue,
and I'll forget about whatever was undefined.

! Missing number, treated as zero.
<to be read again> 
                   \relax 
l.147 ...basicos/CombinacionVariablesVisuales.png}
                                                  
A number should have been here; I inserted `0'.
(If you can't figure out why I needed to see a number,
look up `weird error' in the index to The TeXbook.)

! Illegal unit of measure (pt inserted).
<to be read again> 
                   \relax 
l.147 ...basicos/CombinacionVariablesVisuales.png}
                                                  
Dimensions can be in units of em, ex, in, pt, pc,
cm, mm, dd, cc, nd, nc, bp, or sp; but yours is a new one!
I'll assume that you meant to say pt, for printer's points.
To recover gracefully from this error, it's best to
delete the erroneous units; e.g., type `2' to delete
two letters. (See Chapter 27 of The TeXbook.)

[160]
Underfull \vbox (badness 3179) has occurred while \output is active []

 [161]
Underfull \vbox (badness 10000) has occurred while \output is active []

 [162]

Package hyperref Warning: The anchor of a bookmark and its parent's must not
(hyperref)                be the same. Added a new anchor on input line 175.

[163] [164]

LaTeX Warning: File `Conceptos_basicos/Zollner_illusion.png' not found on input line 196.


! Package pdftex.def Error: File `Conceptos_basicos/Zollner_illusion.png' not found.

See the pdftex.def package documentation for explanation.
Type  H <return>  for immediate help.
 ...                                              
                                                  
l.196 ...]{Conceptos_basicos/Zollner_illusion.png}
                                                  
Using draft setting for this image.
Try typing  <return>  to proceed.
If that doesn't work, type  X <return>  to quit.

! Undefined control sequence.
\Gin@@ewidth ->.4\mycolumnwidth 
                                
l.196 ...]{Conceptos_basicos/Zollner_illusion.png}
                                                  
The control sequence at the end of the top line
of your error message was never \def'ed. If you have
misspelled it (e.g., `\hobx'), type `I' and the correct
spelling (e.g., `I\hbox'). Otherwise just continue,
and I'll forget about whatever was undefined.

! Illegal unit of measure (pt inserted).
<to be read again> 
                   \relax 
l.196 ...]{Conceptos_basicos/Zollner_illusion.png}
                                                  
Dimensions can be in units of em, ex, in, pt, pc,
cm, mm, dd, cc, nd, nc, bp, or sp; but yours is a new one!
I'll assume that you meant to say pt, for printer's points.
To recover gracefully from this error, it's best to
delete the erroneous units; e.g., type `2' to delete
two letters. (See Chapter 27 of The TeXbook.)

! Undefined control sequence.
\Gin@@ewidth ->.4\mycolumnwidth 
                                
l.196 ...]{Conceptos_basicos/Zollner_illusion.png}
                                                  
The control sequence at the end of the top line
of your error message was never \def'ed. If you have
misspelled it (e.g., `\hobx'), type `I' and the correct
spelling (e.g., `I\hbox'). Otherwise just continue,
and I'll forget about whatever was undefined.

! Illegal unit of measure (pt inserted).
<to be read again> 
                   \relax 
l.196 ...]{Conceptos_basicos/Zollner_illusion.png}
                                                  
Dimensions can be in units of em, ex, in, pt, pc,
cm, mm, dd, cc, nd, nc, bp, or sp; but yours is a new one!
I'll assume that you meant to say pt, for printer's points.
To recover gracefully from this error, it's best to
delete the erroneous units; e.g., type `2' to delete
two letters. (See Chapter 27 of The TeXbook.)


LaTeX Warning: Reference `MapasSimbolosGraduados' on page 165 undefined on input line 204.

[165]

LaTeX Warning: File `Conceptos_basicos/ContrasteTamano.pdf' not found on input line 212.


! Package pdftex.def Error: File `Conceptos_basicos/ContrasteTamano.pdf' not found.

See the pdftex.def package documentation for explanation.
Type  H <return>  for immediate help.
 ...                                              
                                                  
l.212 ...h]{Conceptos_basicos/ContrasteTamano.pdf}
                                                  
Using draft setting for this image.
Try typing  <return>  to proceed.
If that doesn't work, type  X <return>  to quit.

! Undefined control sequence.
\Gin@@ewidth ->.5\mycolumnwidth 
                                
l.212 ...h]{Conceptos_basicos/ContrasteTamano.pdf}
                                                  
The control sequence at the end of the top line
of your error message was never \def'ed. If you have
misspelled it (e.g., `\hobx'), type `I' and the correct
spelling (e.g., `I\hbox'). Otherwise just continue,
and I'll forget about whatever was undefined.

! Illegal unit of measure (pt inserted).
<to be read again> 
                   \relax 
l.212 ...h]{Conceptos_basicos/ContrasteTamano.pdf}
                                                  
Dimensions can be in units of em, ex, in, pt, pc,
cm, mm, dd, cc, nd, nc, bp, or sp; but yours is a new one!
I'll assume that you meant to say pt, for printer's points.
To recover gracefully from this error, it's best to
delete the erroneous units; e.g., type `2' to delete
two letters. (See Chapter 27 of The TeXbook.)

! Undefined control sequence.
\Gin@@ewidth ->.5\mycolumnwidth 
                                
l.212 ...h]{Conceptos_basicos/ContrasteTamano.pdf}
                                                  
The control sequence at the end of the top line
of your error message was never \def'ed. If you have
misspelled it (e.g., `\hobx'), type `I' and the correct
spelling (e.g., `I\hbox'). Otherwise just continue,
and I'll forget about whatever was undefined.

! Illegal unit of measure (pt inserted).
<to be read again> 
                   \relax 
l.212 ...h]{Conceptos_basicos/ContrasteTamano.pdf}
                                                  
Dimensions can be in units of em, ex, in, pt, pc,
cm, mm, dd, cc, nd, nc, bp, or sp; but yours is a new one!
I'll assume that you meant to say pt, for printer's points.
To recover gracefully from this error, it's best to
delete the erroneous units; e.g., type `2' to delete
two letters. (See Chapter 27 of The TeXbook.)


LaTeX Warning: File `Conceptos_basicos/Cup_or_faces_paradox.pdf' not found on input line 226.


! Package pdftex.def Error: File `Conceptos_basicos/Cup_or_faces_paradox.pdf' not found.

See the pdftex.def package documentation for explanation.
Type  H <return>  for immediate help.
 ...                                              
                                                  
l.226 ...nceptos_basicos/Cup_or_faces_paradox.pdf}
                                                  
Using draft setting for this image.
Try typing  <return>  to proceed.
If that doesn't work, type  X <return>  to quit.

! Undefined control sequence.
\Gin@@ewidth ->.25\mycolumnwidth 
                                 
l.226 ...nceptos_basicos/Cup_or_faces_paradox.pdf}
                                                  
The control sequence at the end of the top line
of your error message was never \def'ed. If you have
misspelled it (e.g., `\hobx'), type `I' and the correct
spelling (e.g., `I\hbox'). Otherwise just continue,
and I'll forget about whatever was undefined.

! Illegal unit of measure (pt inserted).
<to be read again> 
                   \relax 
l.226 ...nceptos_basicos/Cup_or_faces_paradox.pdf}
                                                  
Dimensions can be in units of em, ex, in, pt, pc,
cm, mm, dd, cc, nd, nc, bp, or sp; but yours is a new one!
I'll assume that you meant to say pt, for printer's points.
To recover gracefully from this error, it's best to
delete the erroneous units; e.g., type `2' to delete
two letters. (See Chapter 27 of The TeXbook.)

! Undefined control sequence.
\Gin@@ewidth ->.25\mycolumnwidth 
                                 
l.226 ...nceptos_basicos/Cup_or_faces_paradox.pdf}
                                                  
The control sequence at the end of the top line
of your error message was never \def'ed. If you have
misspelled it (e.g., `\hobx'), type `I' and the correct
spelling (e.g., `I\hbox'). Otherwise just continue,
and I'll forget about whatever was undefined.

! Illegal unit of measure (pt inserted).
<to be read again> 
                   \relax 
l.226 ...nceptos_basicos/Cup_or_faces_paradox.pdf}
                                                  
Dimensions can be in units of em, ex, in, pt, pc,
cm, mm, dd, cc, nd, nc, bp, or sp; but yours is a new one!
I'll assume that you meant to say pt, for printer's points.
To recover gracefully from this error, it's best to
delete the erroneous units; e.g., type `2' to delete
two letters. (See Chapter 27 of The TeXbook.)

[166]

LaTeX Warning: Reference `Visualizacion_SIG' on page 167 undefined on input line 235.

[167]

LaTeX Warning: File `Conceptos_basicos/JerarquiaMapa.png' not found on input line 245.


! Package pdftex.def Error: File `Conceptos_basicos/JerarquiaMapa.png' not found.

See the pdftex.def package documentation for explanation.
Type  H <return>  for immediate help.
 ...                                              
                                                  
l.245 ...dth]{Conceptos_basicos/JerarquiaMapa.png}
                                                  
Using draft setting for this image.
Try typing  <return>  to proceed.
If that doesn't work, type  X <return>  to quit.

! Undefined control sequence.
\Gin@@ewidth ->\mycolumnwidth 
                              
l.245 ...dth]{Conceptos_basicos/JerarquiaMapa.png}
                                                  
The control sequence at the end of the top line
of your error message was never \def'ed. If you have
misspelled it (e.g., `\hobx'), type `I' and the correct
spelling (e.g., `I\hbox'). Otherwise just continue,
and I'll forget about whatever was undefined.

! Missing number, treated as zero.
<to be read again> 
                   \relax 
l.245 ...dth]{Conceptos_basicos/JerarquiaMapa.png}
                                                  
A number should have been here; I inserted `0'.
(If you can't figure out why I needed to see a number,
look up `weird error' in the index to The TeXbook.)

! Illegal unit of measure (pt inserted).
<to be read again> 
                   \relax 
l.245 ...dth]{Conceptos_basicos/JerarquiaMapa.png}
                                                  
Dimensions can be in units of em, ex, in, pt, pc,
cm, mm, dd, cc, nd, nc, bp, or sp; but yours is a new one!
I'll assume that you meant to say pt, for printer's points.
To recover gracefully from this error, it's best to
delete the erroneous units; e.g., type `2' to delete
two letters. (See Chapter 27 of The TeXbook.)

! Undefined control sequence.
\Gin@@ewidth ->\mycolumnwidth 
                              
l.245 ...dth]{Conceptos_basicos/JerarquiaMapa.png}
                                                  
The control sequence at the end of the top line
of your error message was never \def'ed. If you have
misspelled it (e.g., `\hobx'), type `I' and the correct
spelling (e.g., `I\hbox'). Otherwise just continue,
and I'll forget about whatever was undefined.

! Missing number, treated as zero.
<to be read again> 
                   \relax 
l.245 ...dth]{Conceptos_basicos/JerarquiaMapa.png}
                                                  
A number should have been here; I inserted `0'.
(If you can't figure out why I needed to see a number,
look up `weird error' in the index to The TeXbook.)

! Illegal unit of measure (pt inserted).
<to be read again> 
                   \relax 
l.245 ...dth]{Conceptos_basicos/JerarquiaMapa.png}
                                                  
Dimensions can be in units of em, ex, in, pt, pc,
cm, mm, dd, cc, nd, nc, bp, or sp; but yours is a new one!
I'll assume that you meant to say pt, for printer's points.
To recover gracefully from this error, it's best to
delete the erroneous units; e.g., type `2' to delete
two letters. (See Chapter 27 of The TeXbook.)

[168]) [169] [170


]
Package atveryend Info: Empty hook `BeforeClearDocument' on input line 173.
Package atveryend Info: Empty hook `AfterLastShipout' on input line 173.
 (D:\docs\textos\Tecnicos\libro-sig_resumido\latex\Libro_SIG.aux
(D:\docs\textos\Tecnicos\libro-sig_resumido\latex\Introduccion_fundamentos/Introduccion_fundamentos.aux)
(D:\docs\textos\Tecnicos\libro-sig_resumido\latex\Historia/Historia.aux)
(D:\docs\textos\Tecnicos\libro-sig_resumido\latex\Fundamentos_cartograficos/Fundamentos_cartograficos.aux)
(D:\docs\textos\Tecnicos\libro-sig_resumido\latex\Introduccion_datos/Introduccion_datos.aux)
(D:\docs\textos\Tecnicos\libro-sig_resumido\latex\Fuentes_datos/Fuentes_datos.aux)
(D:\docs\textos\Tecnicos\libro-sig_resumido\latex\Software/Software.aux)
(D:\docs\textos\Tecnicos\libro-sig_resumido\latex\Bases_datos/Bases_datos.aux)
(D:\docs\textos\Tecnicos\libro-sig_resumido\latex\Introduccion_procesos/Introduccion_procesos.aux)
(D:\docs\textos\Tecnicos\libro-sig_resumido\latex\Visualizacion/Visualizacion.aux))
Package atveryend Info: Executing hook `AtVeryEndDocument' on input line 173.
Package atveryend Info: Executing hook `AtEndAfterFileList' on input line 173.
Package rerunfilecheck Info: File `Libro_SIG.out' has not changed.
(rerunfilecheck)             Checksum: 34CEC169993A2F50F2EE7CC3084ADDD8;5204.


LaTeX Warning: There were undefined references.


LaTeX Warning: Label(s) may have changed. Rerun to get cross-references right.

Package atveryend Info: Empty hook `AtVeryVeryEnd' on input line 173.
 ) 
Here is how much of TeX's memory you used:
 9540 strings out of 493921
 152197 string characters out of 3144873
 269859 words of memory out of 3000000
 12116 multiletter control sequences out of 15000+200000
 97063 words of font info for 164 fonts, out of 3000000 for 9000
 841 hyphenation exceptions out of 8191
 38i,11n,43p,1234b,629s stack positions out of 5000i,500n,10000p,200000b,50000s
{C:/Program Files (x86)/MiKTeX 2.9/fonts/enc/dvips/lm/lm-mathsy.enc}{C:/Program Files (x86)/MiKTeX 2.9/fonts/enc/dvips
/lm/lm-ec.enc}{C:/Program Files (x86)/MiKTeX 2.9/fonts/enc/dvips/lm/lm-rm.enc}{C:/Program Files (x86)/MiKTeX 2.9/fonts/e
nc/dvips/lm/lm-mathit.enc}<C:/Program Files (x86)/MiKTeX 2.9/fonts/type1/public/lm/lmbx10.pfb><C:/Program Files (x86)/Mi
KTeX 2.9/fonts/type1/public/lm/lmbx12.pfb><C:/Program Files (x86)/MiKTeX 2.9/fonts/type1/public/lm/lmcsc10.pfb><C:/Progr
am Files (x86)/MiKTeX 2.9/fonts/type1/public/lm/lmmi10.pfb><C:/Program Files (x86)/MiKTeX 2.9/fonts/type1/public/lm/lmr1
0.pfb><C:/Program Files (x86)/MiKTeX 2.9/fonts/type1/public/lm/lmr6.pfb><C:/Program Files (x86)/MiKTeX 2.9/fonts/type1/p
ublic/lm/lmr8.pfb><C:/Program Files (x86)/MiKTeX 2.9/fonts/type1/public/lm/lmr9.pfb><C:/Program Files (x86)/MiKTeX 2.9/f
onts/type1/public/lm/lmri10.pfb><C:/Program Files (x86)/MiKTeX 2.9/fonts/type1/public/lm/lmri12.pfb><C:/Program Files (x
86)/MiKTeX 2.9/fonts/type1/public/lm/lmri9.pfb><C:/Program Files (x86)/MiKTeX 2.9/fonts/type1/public/lm/lmro10.pfb><C:/P
rogram Files (x86)/MiKTeX 2.9/fonts/type1/public/lm/lmsy10.pfb><C:/Program Files (x86)/MiKTeX 2.9/fonts/type1/public/lm/
lmsy8.pfb><C:/Program Files (x86)/MiKTeX 2.9/fonts/type1/public/lm/lmtt10.pfb><C:/Program Files (x86)/MiKTeX 2.9/fonts/t
ype1/public/lm/lmtt8.pfb>
Output written on Libro_SIG.pdf (182 pages, 6961995 bytes).
PDF statistics:
 1728 PDF objects out of 1728 (max. 8388607)
 253 named destinations out of 1000 (max. 500000)
 31446 words of extra memory for PDF output out of 35830 (max. 10000000)

